<?xml version="1.0" encoding="UTF-8"?>
<!-- Generated by org.testng.reporters.JUnitReportReporter -->
<testsuite skipped="0" hostname="LAPTOP-CARFPD6P" name="com.crm.qa.testcases.LoginPageTest" tests="3" failures="0" timestamp="25 Dec 2021 08:29:09 GMT" time="71.455" errors="0">
  <testcase name="loginPageTitleTest" time="16.248" classname="com.crm.qa.testcases.LoginPageTest"/>
  <testcase name="loginPageForgotBtnTest" time="28.487" classname="com.crm.qa.testcases.LoginPageTest"/>
  <testcase name="loginTest" time="26.720" classname="com.crm.qa.testcases.LoginPageTest"/>
</testsuite> <!-- com.crm.qa.testcases.LoginPageTest -->
