<?xml version="1.0" encoding="UTF-8"?>
<!-- Generated by org.testng.reporters.JUnitReportReporter -->
<testsuite skipped="0" hostname="LAPTOP-CARFPD6P" name="com.crm.qa.testcases.HomePageTest" tests="3" failures="0" timestamp="25 Dec 2021 08:29:09 GMT" time="220.954" errors="0">
  <testcase name="verifyHomePageTitleTest" time="37.946" classname="com.crm.qa.testcases.HomePageTest"/>
  <testcase name="verifyCorrectUserNameTest" time="144.528" classname="com.crm.qa.testcases.HomePageTest"/>
  <testcase name="verifyContactLinkTest" time="38.480" classname="com.crm.qa.testcases.HomePageTest"/>
</testsuite> <!-- com.crm.qa.testcases.HomePageTest -->
